
================================================================
======== FXServer Starting - 8/12/2024, 2:04:43 AM              
================================================================
[           resources] Scanning resources.
[           resources] Found 98 resources.
[          svadhesive] Authenticating server license key...
[          svadhesive] Server license key authentication succeeded. Welcome!
[    c-scripting-core] Creating script environments for sessionmanager
[           resources] Started resource sessionmanager
[    c-scripting-core] Creating script environments for monitor
[      script:monitor] [txAdmin] Resource v7.2.2 threads and commands set up. All Ready.
[           resources] Started resource monitor
[    c-scripting-core] Creating script environments for mapmanager
[           resources] Started resource mapmanager
[    c-scripting-core] Creating script environments for yarn
[           resources] Started resource yarn
[ citizen-server-impl] Running build tasks on resource webpack - it'll restart once completed.
[    c-resources-core] Could not start dependency webpack for resource chat.
[ citizen-server-impl] Couldn't start resource chat.
[           resources] Started resource spawnmanager
[38;5;154m[   script:mapmanager] Started gametype Freeroam
[           resources] Started resource basic-gamemode
[38;5;161m[    c-scripting-core] Creating script environments for hardcap
[           resources] Started resource hardcap
[    c-scripting-core] Creating script environments for baseevents
[           resources] Started resource baseevents
[    c-scripting-core] Creating script environments for oxmysql
[           resources] Started resource oxmysql
[    c-scripting-core] Creating script environments for qb-core
[           resources] Started resource qb-core
[           resources] Started resource menuv
[    c-scripting-core] Creating script environments for qb-adminmenu
[           resources] Started resource qb-adminmenu
[    c-scripting-core] Creating script environments for qb-ambulancejob
[           resources] Started resource qb-ambulancejob
[           resources] [0mStarted resource qb-interior
[    c-scripting-core] Creating script environments for qb-clothing
[           resources] Started resource qb-clothing
[    c-scripting-core] Creating script environments for qb-weathersync
[           resources] Started resource qb-weathersync
[    c-scripting-core] Creating script environments for qb-apartments
[           resources] Started resource qb-apartments
[    c-scripting-core] Creating script environments for qb-banking
[           resources] Started resource qb-banking
[    c-scripting-core] Creating script environments for PolyZone
[           resources] Started resource PolyZone
[    c-scripting-core] Creating script environments for qb-bankrobbery
[           resources] Started resource qb-bankrobbery
[    c-scripting-core] Creating script environments for qb-busjob
[           resources] Started resource qb-busjob
[    c-scripting-core] Creating script environments for qb-cityhall
[           resources] Started resource qb-cityhall
[    c-scripting-core] Creating script environments for qb-crafting
[           resources] Started resource qb-crafting
[           resources] Started resource qb-minigames
[    c-scripting-core] Creating script environments for qb-crypto
[           resources] Started resource qb-crypto
[    c-scripting-core] Creating script environments for qb-diving
[           resources] Started resource qb-diving
[    c-scripting-core] Creating script environments for qb-doorlock
[           resources] Started resource qb-doorlock
[    c-scripting-core] Creating script environments for qb-drugs
[           resources] Started resource qb-drugs
[    c-scripting-core] Creating script environments for qb-garages
[           resources] Started resource qb-garages
[    c-scripting-core] Creating script environments for qb-garbagejob
[           resources] Started resource qb-garbagejob
[    c-scripting-core] Creating script environments for qb-hotdogjob
[38;5;83m[           resources] Started resource qb-hotdogjob
[    c-scripting-core] Creating script environments for qb-houserobbery
[           resources] [0mStarted resource qb-houserobbery
[    c-scripting-core] Creating script environments for qb-houses
[           resources] [0mStarted resource qb-houses
[    c-scripting-core] Creating script environments for qb-hud
[38;5;83m[           resources] Started resource qb-hud
[           resources] Started resource qb-input
[    c-scripting-core] Creating script environments for qb-weapons
[           resources] Started resource qb-weapons
[    c-scripting-core] Creating script environments for qb-inventory
[           resources] Started resource qb-inventory
[    c-scripting-core] Creating script environments for qb-jewelery
[           resources] Started resource qb-jewelery
[    c-scripting-core] Creating script environments for qb-lapraces
[           resources] Started resource qb-lapraces
[           resources] [0mStarted resource qb-loading
[    c-scripting-core] Creating script environments for qb-management
[           resources] Started resource qb-management
[    c-scripting-core] Creating script environments for qb-mechanicjob
[           resources] Started resource qb-mechanicjob
[38;5;83m[           resources] Started resource qb-menu
[    c-scripting-core] Creating script environments for qb-spawn
[           resources] Started resource qb-spawn
[    c-scripting-core] Creating script environments for qb-multicharacter
[           resources] Started resource qb-multicharacter
[    c-scripting-core] Creating script environments for qb-newsjob
[           resources] [0mStarted resource qb-newsjob
[    c-scripting-core] Creating script environments for qb-pawnshop
[           resources] Started resource qb-pawnshop
[    c-scripting-core] Creating script environments for qb-phone
[           resources] Started resource qb-phone
[    c-scripting-core] Creating script environments for qb-policejob
[           resources] Started resource qb-policejob
[    c-scripting-core] Creating script environments for qb-prison
[           resources] Started resource qb-prison
[    c-scripting-core] Creating script environments for qb-radialmenu
[           resources] Started resource qb-radialmenu
[    c-scripting-core] Creating script environments for qb-recyclejob
[38;5;83m[           resources] Started resource qb-recyclejob
[    c-scripting-core] Creating script environments for qb-scoreboard
[           resources] Started resource qb-scoreboard
[    c-scripting-core] Creating script environments for qb-scrapyard
[           resources] Started resource qb-scrapyard
[    c-scripting-core] Creating script environments for qb-shops
[           resources] Started resource qb-shops
[    c-scripting-core] Creating script environments for qb-smallresources
[           resources] Started resource qb-smallresources
[    c-scripting-core] Creating script environments for qb-storerobbery
[           resources] Started resource qb-storerobbery
[    c-scripting-core] Creating script environments for qb-streetraces
[           resources] Started resource qb-streetraces
[           resources] Started resource qb-target
[    c-scripting-core] Creating script environments for qb-taxijob
[           resources] Started resource qb-taxijob
[    c-scripting-core] Creating script environments for qb-towjob
[           resources] Started resource qb-towjob
[    c-scripting-core] Creating script environments for qb-truckrobbery
[           resources] Started resource qb-truckrobbery
[    c-scripting-core] Creating script environments for qb-vehiclekeys
[           resources] Started resource qb-vehiclekeys
[    c-scripting-core] Creating script environments for qb-vehiclesales
[           resources] Started resource qb-vehiclesales
[    c-scripting-core] Creating script environments for qb-vehicleshop
[38;5;83m[           resources] Started resource qb-vehicleshop
[    c-scripting-core] Creating script environments for qb-vineyard
[           resources] Started resource qb-vineyard
[    c-scripting-core] Creating script environments for qb-weed
[           resources] Started resource qb-weed
[    c-scripting-core] Creating script environments for LegacyFuel
[           resources] Started resource LegacyFuel
[           resources] Started resource bob74_ipl
[    c-scripting-core] Creating script environments for connectqueue
[ script:connectqueue] QUEUE:  [connectqueue] Disabling hardcap 
[           resources] Stopping resource hardcap
[           resources] Started resource connectqueue
[    c-scripting-core] Creating script environments for interact-sound
[           resources] Started resource interact-sound
[38;5;83m[           resources] Started resource progressbar
[           resources] Started resource safecracker
[ citizen-server-impl] Running build tasks on resource webpack - it'll restart once completed.
[    c-resources-core] Could not start dependency webpack for resource screenshot-basic.
[ citizen-server-impl] Couldn't start resource screenshot-basic.
[    c-scripting-core] Creating script environments for pma-voice
[           resources] Started resource pma-voice
[    c-scripting-core] Creating script environments for qb-radio
[           resources] Started resource qb-radio
[           resources] [0mStarted resource dealer_map
[           resources] Started resource hospital_map
[           resources] Started resource prison_canteen
[38;5;211m[resources:prison_mai] Asset prison_main/desertos_prison.ytd uses 30.5 MiB of physical memory.
[           resources] Started resource prison_main (1 warning)
[           resources] Started resource prison_meeting
[         script:yarn] [yarn]	yarn install v1.22.5
[         script:yarn] [1/4] Resolving packages...
[         script:yarn] [2/4] Fetching packages...
[   script:mapmanager] Started map fivem-map-skater
[           resources] Started resource fivem-map-skater
[ citizen-server-impl] server thread hitch warning: timer interval of 243 milliseconds
[         script:yarn] [yarn]	yarn install v1.22.5
[      script:oxmysql] [36m[10.4.32-MariaDB] Database server connection established!
[         script:yarn] Error: [yarn]	warning Waiting for the other yarn instance to finish (pid undefined, inside undefined)
[ citizen-server-impl]         fff                          
[ citizen-server-impl]   cccc ff   xx  xx     rr rr    eee  
[ citizen-server-impl] cc     ffff   xx       rrr  r ee   e 
[ citizen-server-impl] cc     ff     xx   ... rr     eeeee  
[ citizen-server-impl]  ccccc ff   xx  xx ... rr      eeeee 
[ citizen-server-impl]                                      
[ citizen-server-impl] Authenticated with cfx.re Nucleus: https://real-x-boosted-6r7qyd.users.cfx.re/
> txaReportResources
[      script:monitor] [txAdmin] Sending resources list to txAdmin.
[         script:yarn] [yarn]	info fsevents@2.3.1: The platform "win32" is incompatible with this module.
[         script:yarn] [yarn]	info "fsevents@2.3.1" is an optional dependency and failed compatibility check. Excluding it from installation.
[         script:yarn] [yarn]	info fsevents@1.2.13: The platform "win32" is incompatible with this module.
[         script:yarn] [yarn]	info "fsevents@1.2.13" is an optional dependency and failed compatibility check. Excluding it from installation.
[         script:yarn] [yarn]	[3/4] Linking dependencies...
[         script:yarn] [yarn]	[4/4] Building fresh packages...
[         script:yarn] Error: [yarn]	warning Ignored scripts due to flag.
[         script:yarn] [yarn]	Done in 49.27s.
[ citizen-server-impl] Build tasks completed - starting resource webpack.
[38;5;161m[    c-scripting-core] Creating script environments for webpack
[ citizen-server-impl] Running build tasks on resource chat - it'll restart once completed.
[ citizen-server-impl] [0mRunning build tasks on resource screenshot-basic - it'll restart once completed.
[         script:yarn] yarn is currently busy: we are waiting to compile screenshot-basic
[           resources] Started resource webpack
[ citizen-server-impl] [0mserver thread hitch warning: timer interval of 740 milliseconds
[         script:yarn] [yarn]	[1/4] Resolving packages...
[         script:yarn] success Already up-to-date.
[         script:yarn] Done in 42.10s.
[ citizen-server-impl] Build tasks completed - starting resource webpack.
[         script:yarn] [yarn]	yarn install v1.22.5
[38;5;151m[         script:yarn] [yarn]	[1/4] Resolving packages...
[         script:yarn] [yarn]	[2/4] Fetching packages...
[         script:yarn] [yarn]	yarn install v1.22.5
[         script:yarn] Error: [yarn]	warning Waiting for the other yarn instance to finish (pid undefined, inside undefined)
[         script:yarn] [yarn]	info There appears to be trouble with your network connection. Retrying...
[         script:yarn] [yarn]	info fsevents@1.2.11: The platform "win32" is incompatible with this module.
[         script:yarn] info "fsevents@1.2.11" is an optional dependency and failed compatibility check. Excluding it from installation.
[         script:yarn] [yarn]	[3/4] Linking dependencies...
[         script:yarn] [yarn]	[4/4] Building fresh packages...
[         script:yarn] Error: [yarn]	warning Ignored scripts due to flag.
[         script:yarn] [yarn]	Done in 115.74s.
[      script:webpack] [0mchat: started building webpack.config.js
[ citizen-server-impl] server thread hitch warning: timer interval of 30132 milliseconds
[         script:yarn] [yarn]	[1/4] Resolving packages...
[         script:yarn] [2/4] Fetching packages...
[         script:yarn] [yarn]	info There appears to be trouble with your network connection. Retrying...
[         script:yarn] [yarn]	info fsevents@2.3.1: The platform "win32" is incompatible with this module.
[         script:yarn] info "fsevents@2.3.1" is an optional dependency and failed compatibility check. Excluding it from installation.
[         script:yarn] [yarn]	info fsevents@1.2.13: The platform "win32" is incompatible with this module.
[         script:yarn] info "fsevents@1.2.13" is an optional dependency and failed compatibility check. Excluding it from installation.
[         script:yarn] [yarn]	[3/4] Linking dependencies...
[      script:webpack] chat: built webpack.config.js
[ citizen-server-impl] Build tasks completed - starting resource chat.
[    c-scripting-core] Creating script environments for chat
[           resources] Started resource chat
[ citizen-server-impl] server thread hitch warning: timer interval of 190 milliseconds
[         script:yarn] [yarn]	[4/4] Building fresh packages...
[         script:yarn] Error: [yarn]	warning Ignored scripts due to flag.
[         script:yarn] [yarn]	Done in 205.34s.
[      script:webpack] screenshot-basic: started building client.config.js
[      script:webpack] webpack is busy: we are waiting to compile screenshot-basic (server.config.js)
[      script:webpack] webpack is busy: we are waiting to compile screenshot-basic (server.config.js)
[ citizen-server-impl] server thread hitch warning: timer interval of 19077 milliseconds
[      script:webpack] screenshot-basic: built client.config.js
[      script:webpack] screenshot-basic: started building server.config.js
[      script:webpack] webpack is busy: we are waiting to compile screenshot-basic (ui.config.js)
[ citizen-server-impl] server thread hitch warning: timer interval of 12457 milliseconds
[      script:webpack] webpack is busy: we are waiting to compile screenshot-basic (ui.config.js)
[      script:webpack] screenshot-basic: built server.config.js
[      script:webpack] screenshot-basic: started building ui.config.js
[ citizen-server-impl] server thread hitch warning: timer interval of 190 milliseconds
[ citizen-server-impl] sync thread hitch warning: timer interval of 144 milliseconds
[      script:webpack] [0mscreenshot-basic: built ui.config.js
[ citizen-server-impl] Build tasks completed - starting resource screenshot-basic.
[    c-scripting-core] Creating script environments for screenshot-basic
[           resources] [0mStarted resource screenshot-basic
[ citizen-server-impl] server thread hitch warning: timer interval of 457 milliseconds
[    script:qb-crypto] Crypto not found, inserting new record for qbit
> txaEvent "serverShuttingDown" "{＂delay＂:5000,＂author＂:＂Skutela32＂,＂message＂:＂Server restarting (requested by Skutela32).＂}"
[      script:monitor] [txAdmin] Server shutdown imminent. Kicking all players.

================================================================
======== FXServer Starting - 8/12/2024, 2:50:21 AM              
================================================================
[           resources] Scanning resources.
[           resources] Found 61 resources.
[          svadhesive] Authenticating server license key...
[          svadhesive] Server license key authentication succeeded. Welcome!
[    c-scripting-core] Creating script environments for sessionmanager
[           resources] Started resource sessionmanager
[    c-scripting-core] Creating script environments for monitor
[      script:monitor] [txAdmin] Resource v7.2.2 threads and commands set up. All Ready.
[           resources] Started resource monitor
[    c-scripting-core] Creating script environments for mapmanager
[           resources] Started resource mapmanager
[    c-scripting-core] Creating script environments for yarn
[           resources] Started resource yarn
[    c-scripting-core] Creating script environments for webpack
[           resources] Started resource webpack
[    c-scripting-core] Creating script environments for chat
[           resources] Started resource chat
[           resources] Started resource spawnmanager
[   script:mapmanager] Started gametype Freeroam
[           resources] Started resource basic-gamemode
[    c-scripting-core] Creating script environments for hardcap
[           resources] Started resource hardcap
[    c-scripting-core] Creating script environments for baseevents
[           resources] Started resource baseevents
[    c-scripting-core] Creating script environments for oxmysql
[           resources] Started resource oxmysql
[    c-scripting-core] Creating script environments for qb-core
[           resources] Started resource qb-core
[    c-scripting-core] Creating script environments for qb-ambulancejob
[           resources] Started resource qb-ambulancejob
[    c-scripting-core] Creating script environments for PolyZone
[           resources] Started resource PolyZone
[    c-scripting-core] Creating script environments for qb-bankrobbery
[           resources] Started resource qb-bankrobbery
[    c-scripting-core] Creating script environments for qb-cityhall
[           resources] Started resource qb-cityhall
[           resources] [0mStarted resource qb-input
[           resources] Started resource qb-interior
[    c-scripting-core] Creating script environments for qb-weapons
[           resources] Started resource qb-weapons
[    c-scripting-core] Creating script environments for qb-inventory
[           resources] Started resource qb-inventory
[           resources] Started resource qb-menu
[           resources] [97mStarted resource qb-minigames
[    c-scripting-core] Creating script environments for qb-spawn
[    c-scripting-core] Failed to load script @qb-apartments/config.lua.
[           resources] Started resource qb-spawn
[    c-scripting-core] Creating script environments for qb-multicharacter
[    c-scripting-core] Failed to load script @qb-apartments/config.lua.
[           resources] Started resource qb-multicharacter
[    c-scripting-core] Creating script environments for qb-policejob
[           resources] [0mStarted resource qb-policejob
[    c-scripting-core] Creating script environments for qb-prison
[           resources] Started resource qb-prison
[    c-scripting-core] Creating script environments for qb-radialmenu
[           resources] Started resource qb-radialmenu
[    c-scripting-core] [0mCreating script environments for qb-smallresources
[           resources] Started resource qb-smallresources
[           resources] Started resource qb-target
[    c-scripting-core] Creating script environments for qb-vehiclekeys
[           resources] Started resource qb-vehiclekeys
[    c-scripting-core] [97mCreating script environments for qb-weathersync
[           resources] Started resource qb-weathersync
[    c-scripting-core] Creating script environments for LegacyFuel
[           resources] Started resource LegacyFuel
[           resources] Started resource bob74_ipl
[    c-scripting-core] Creating script environments for connectqueue
[ script:connectqueue] [93mQUEUE:  [connectqueue] Disabling hardcap 
[           resources] Stopping resource hardcap
[           resources] Started resource connectqueue
[    c-scripting-core] Creating script environments for interact-sound
[           resources] Started resource interact-sound
[           resources] Started resource menuv
[           resources] Started resource progressbar
[           resources] Started resource safecracker
[    c-scripting-core] Creating script environments for screenshot-basic
[           resources] Started resource screenshot-basic
[    c-scripting-core] Creating script environments for pma-voice
[           resources] Started resource pma-voice
[    c-scripting-core] [0mCreating script environments for qb-radio
[           resources] Started resource qb-radio
[           resources] Started resource dealer_map
[           resources] Started resource hospital_map
[           resources] Started resource prison_canteen
[resources:prison_mai] Asset prison_main/desertos_prison.ytd uses 30.5 MiB of physical memory.
[           resources] Started resource prison_main (1 warning)
[           resources] Started resource prison_meeting
[   script:mapmanager] Started map fivem-map-hipster
[           resources] Started resource fivem-map-hipster
[ citizen-server-impl] server thread hitch warning: timer interval of 249 milliseconds
[38;5;42m[      script:oxmysql] [10.4.32-MariaDB] Database server connection established!
[ citizen-server-impl]         fff                          
[ citizen-server-impl]   cccc ff   xx  xx     rr rr    eee  
[ citizen-server-impl] cc     ffff   xx       rrr  r ee   e 
[ citizen-server-impl] cc     ff     xx   ... rr     eeeee  
[ citizen-server-impl]  ccccc ff   xx  xx ... rr      eeeee 
[ citizen-server-impl]                                      
[ citizen-server-impl] Authenticated with cfx.re Nucleus: https://real-x-boosted-6r7qyd.users.cfx.re/
> txaReportResources
[      script:monitor] [36m[txAdmin] Sending resources list to txAdmin.
[ citizen-server-impl] sync thread hitch warning: timer interval of 110 milliseconds
[ citizen-server-impl] sync thread hitch warning: timer interval of 102 milliseconds
[ citizen-server-impl] sync thread hitch warning: timer interval of 130 milliseconds
[ citizen-server-impl] sync thread hitch warning: timer interval of 150 milliseconds
[ citizen-server-impl] server thread hitch warning: timer interval of 193 milliseconds
[ citizen-server-impl] network thread hitch warning: timer interval of 152 milliseconds
[ citizen-server-impl] sync thread hitch warning: timer interval of 104 milliseconds
[ citizen-server-impl] server thread hitch warning: timer interval of 169 milliseconds
[ citizen-server-impl] sync thread hitch warning: timer interval of 117 milliseconds
[ citizen-server-impl] server thread hitch warning: timer interval of 151 milliseconds
[ citizen-server-impl] sync thread hitch warning: timer interval of 123 milliseconds
[ citizen-server-impl] sync thread hitch warning: timer interval of 108 milliseconds
[ citizen-server-impl] server thread hitch warning: timer interval of 154 milliseconds
[ citizen-server-impl] sync thread hitch warning: timer interval of 111 milliseconds
[ citizen-server-impl] sync thread hitch warning: timer interval of 104 milliseconds
[ citizen-server-impl] server thread hitch warning: timer interval of 175 milliseconds
[ citizen-server-impl] sync thread hitch warning: timer interval of 163 milliseconds
[ citizen-server-impl] server thread hitch warning: timer interval of 178 milliseconds
[ citizen-server-impl] network thread hitch warning: timer interval of 165 milliseconds
[ citizen-server-impl] server thread hitch warning: timer interval of 167 milliseconds
[ citizen-server-impl] sync thread hitch warning: timer interval of 102 milliseconds
[ citizen-server-impl] sync thread hitch warning: timer interval of 126 milliseconds
[ citizen-server-impl] sync thread hitch warning: timer interval of 147 milliseconds
[ citizen-server-impl] network thread hitch warning: timer interval of 390 milliseconds
[ citizen-server-impl] server thread hitch warning: timer interval of 387 milliseconds
[ citizen-server-impl] sync thread hitch warning: timer interval of 275 milliseconds
[ citizen-server-impl] sync thread hitch warning: timer interval of 171 milliseconds
[ citizen-server-impl] network thread hitch warning: timer interval of 172 milliseconds
[ citizen-server-impl] [97mserver thread hitch warning: timer interval of 179 milliseconds
[ citizen-server-impl] server thread hitch warning: timer interval of 298 milliseconds
[ citizen-server-impl] sync thread hitch warning: timer interval of 438 milliseconds
[ citizen-server-impl] network thread hitch warning: timer interval of 438 milliseconds
[ citizen-server-impl] server thread hitch warning: timer interval of 619 milliseconds
[ citizen-server-impl] sync thread hitch warning: timer interval of 492 milliseconds
[ citizen-server-impl] network thread hitch warning: timer interval of 491 milliseconds
[ citizen-server-impl] server thread hitch warning: timer interval of 899 milliseconds
[ citizen-server-impl] sync thread hitch warning: timer interval of 826 milliseconds
[ citizen-server-impl] network thread hitch warning: timer interval of 826 milliseconds
[ citizen-server-impl] sync thread hitch warning: timer interval of 566 milliseconds
[ citizen-server-impl] network thread hitch warning: timer interval of 567 milliseconds
[ citizen-server-impl] server thread hitch warning: timer interval of 572 milliseconds
[ citizen-server-impl] sync thread hitch warning: timer interval of 359 milliseconds
[ citizen-server-impl] network thread hitch warning: timer interval of 466 milliseconds
[ citizen-server-impl] server thread hitch warning: timer interval of 551 milliseconds
[ citizen-server-impl] sync thread hitch warning: timer interval of 481 milliseconds
[ citizen-server-impl] network thread hitch warning: timer interval of 428 milliseconds
[ citizen-server-impl] server thread hitch warning: timer interval of 470 milliseconds
[ citizen-server-impl] sync thread hitch warning: timer interval of 582 milliseconds
[ citizen-server-impl] network thread hitch warning: timer interval of 622 milliseconds
[ citizen-server-impl] server thread hitch warning: timer interval of 602 milliseconds
[ citizen-server-impl] sync thread hitch warning: timer interval of 540 milliseconds
[ citizen-server-impl] network thread hitch warning: timer interval of 505 milliseconds
[ citizen-server-impl] server thread hitch warning: timer interval of 517 milliseconds
[ citizen-server-impl] sync thread hitch warning: timer interval of 468 milliseconds
[ citizen-server-impl] network thread hitch warning: timer interval of 597 milliseconds
[ citizen-server-impl] server thread hitch warning: timer interval of 553 milliseconds
[ citizen-server-impl] sync thread hitch warning: timer interval of 655 milliseconds
[ citizen-server-impl] network thread hitch warning: timer interval of 716 milliseconds
[ citizen-server-impl] server thread hitch warning: timer interval of 773 milliseconds
[ citizen-server-impl] sync thread hitch warning: timer interval of 651 milliseconds
[ citizen-server-impl] network thread hitch warning: timer interval of 521 milliseconds
[ citizen-server-impl] server thread hitch warning: timer interval of 530 milliseconds
[ citizen-server-impl] sync thread hitch warning: timer interval of 387 milliseconds
[ citizen-server-impl] network thread hitch warning: timer interval of 465 milliseconds
[ citizen-server-impl] server thread hitch warning: timer interval of 386 milliseconds
[ citizen-server-impl] sync thread hitch warning: timer interval of 274 milliseconds
[ citizen-server-impl] network thread hitch warning: timer interval of 181 milliseconds
[ citizen-server-impl] server thread hitch warning: timer interval of 213 milliseconds
[ citizen-server-impl] sync thread hitch warning: timer interval of 129 milliseconds
[ citizen-server-impl] sync thread hitch warning: timer interval of 105 milliseconds
[ citizen-server-impl] server thread hitch warning: timer interval of 159 milliseconds
[ citizen-server-impl] sync thread hitch warning: timer interval of 123 milliseconds
[ citizen-server-impl] server thread hitch warning: timer interval of 201 milliseconds
[ citizen-server-impl] network thread hitch warning: timer interval of 166 milliseconds
[ citizen-server-impl] sync thread hitch warning: timer interval of 138 milliseconds
[ citizen-server-impl] sync thread hitch warning: timer interval of 160 milliseconds
[ citizen-server-impl] network thread hitch warning: timer interval of 167 milliseconds
[ citizen-server-impl] server thread hitch warning: timer interval of 228 milliseconds
[ citizen-server-impl] sync thread hitch warning: timer interval of 252 milliseconds
[ citizen-server-impl] network thread hitch warning: timer interval of 246 milliseconds
[ citizen-server-impl] server thread hitch warning: timer interval of 302 milliseconds
[ citizen-server-impl] sync thread hitch warning: timer interval of 270 milliseconds
[ citizen-server-impl] network thread hitch warning: timer interval of 271 milliseconds
[ citizen-server-impl] server thread hitch warning: timer interval of 338 milliseconds
[ citizen-server-impl] sync thread hitch warning: timer interval of 260 milliseconds
[ citizen-server-impl] network thread hitch warning: timer interval of 275 milliseconds
[ citizen-server-impl] server thread hitch warning: timer interval of 273 milliseconds
[ citizen-server-impl] sync thread hitch warning: timer interval of 210 milliseconds
[ citizen-server-impl] network thread hitch warning: timer interval of 194 milliseconds
[ citizen-server-impl] sync thread hitch warning: timer interval of 213 milliseconds
[ citizen-server-impl] server thread hitch warning: timer interval of 272 milliseconds
[ citizen-server-impl] sync thread hitch warning: timer interval of 134 milliseconds
[ citizen-server-impl] server thread hitch warning: timer interval of 168 milliseconds
[ citizen-server-impl] server thread hitch warning: timer interval of 162 milliseconds
[ citizen-server-impl] sync thread hitch warning: timer interval of 105 milliseconds
[ citizen-server-impl] server thread hitch warning: timer interval of 185 milliseconds
[ citizen-server-impl] sync thread hitch warning: timer interval of 139 milliseconds
[ citizen-server-impl] sync thread hitch warning: timer interval of 256 milliseconds
[ citizen-server-impl] server thread hitch warning: timer interval of 260 milliseconds
[ citizen-server-impl] sync thread hitch warning: timer interval of 206 milliseconds
[ citizen-server-impl] server thread hitch warning: timer interval of 367 milliseconds
[ citizen-server-impl] sync thread hitch warning: timer interval of 178 milliseconds
[ citizen-server-impl] sync thread hitch warning: timer interval of 117 milliseconds
[ citizen-server-impl] sync thread hitch warning: timer interval of 105 milliseconds
[ citizen-server-impl] sync thread hitch warning: timer interval of 198 milliseconds
[ citizen-server-impl] server thread hitch warning: timer interval of 223 milliseconds
[ citizen-server-impl] server thread hitch warning: timer interval of 171 milliseconds
[ citizen-server-impl] sync thread hitch warning: timer interval of 130 milliseconds
[ citizen-server-impl] server thread hitch warning: timer interval of 334 milliseconds
[ citizen-server-impl] sync thread hitch warning: timer interval of 284 milliseconds
[ citizen-server-impl] sync thread hitch warning: timer interval of 131 milliseconds
[ citizen-server-impl] server thread hitch warning: timer interval of 157 milliseconds
[ citizen-server-impl] sync thread hitch warning: timer interval of 116 milliseconds
[ citizen-server-impl] server thread hitch warning: timer interval of 156 milliseconds
[ citizen-server-impl] sync thread hitch warning: timer interval of 104 milliseconds
[ citizen-server-impl] sync thread hitch warning: timer interval of 194 milliseconds
[ citizen-server-impl] server thread hitch warning: timer interval of 261 milliseconds
[ citizen-server-impl] sync thread hitch warning: timer interval of 154 milliseconds
[ citizen-server-impl] server thread hitch warning: timer interval of 179 milliseconds
[ citizen-server-impl] sync thread hitch warning: timer interval of 127 milliseconds
[ citizen-server-impl] server thread hitch warning: timer interval of 165 milliseconds
[ citizen-server-impl] sync thread hitch warning: timer interval of 128 milliseconds
[ citizen-server-impl] server thread hitch warning: timer interval of 164 milliseconds
[ citizen-server-impl] sync thread hitch warning: timer interval of 136 milliseconds
[ citizen-server-impl] sync thread hitch warning: timer interval of 119 milliseconds
[ citizen-server-impl] server thread hitch warning: timer interval of 164 milliseconds
[ citizen-server-impl] sync thread hitch warning: timer interval of 118 milliseconds
[ citizen-server-impl] server thread hitch warning: timer interval of 191 milliseconds
[ citizen-server-impl] sync thread hitch warning: timer interval of 175 milliseconds
[ citizen-server-impl] sync thread hitch warning: timer interval of 236 milliseconds
[ citizen-server-impl] server thread hitch warning: timer interval of 249 milliseconds
[ citizen-server-impl] sync thread hitch warning: timer interval of 264 milliseconds
[ citizen-server-impl] server thread hitch warning: timer interval of 266 milliseconds
[ citizen-server-impl] sync thread hitch warning: timer interval of 166 milliseconds
[ citizen-server-impl] server thread hitch warning: timer interval of 162 milliseconds
[ citizen-server-impl] server thread hitch warning: timer interval of 162 milliseconds
[ citizen-server-impl] sync thread hitch warning: timer interval of 117 milliseconds
[ citizen-server-impl] sync thread hitch warning: timer interval of 276 milliseconds
[ citizen-server-impl] server thread hitch warning: timer interval of 317 milliseconds
[ citizen-server-impl] network thread hitch warning: timer interval of 254 milliseconds
[ citizen-server-impl] sync thread hitch warning: timer interval of 127 milliseconds
[ citizen-server-impl] sync thread hitch warning: timer interval of 205 milliseconds
[ citizen-server-impl] network thread hitch warning: timer interval of 214 milliseconds
[ citizen-server-impl] server thread hitch warning: timer interval of 253 milliseconds
[ citizen-server-impl] sync thread hitch warning: timer interval of 111 milliseconds
[ citizen-server-impl] sync thread hitch warning: timer interval of 122 milliseconds
[ citizen-server-impl] server thread hitch warning: timer interval of 152 milliseconds
[ citizen-server-impl] network thread hitch warning: timer interval of 162 milliseconds
[ citizen-server-impl] sync thread hitch warning: timer interval of 156 milliseconds
[ citizen-server-impl] server thread hitch warning: timer interval of 160 milliseconds
[ citizen-server-impl] sync thread hitch warning: timer interval of 309 milliseconds
[ citizen-server-impl] network thread hitch warning: timer interval of 312 milliseconds
[ citizen-server-impl] server thread hitch warning: timer interval of 355 milliseconds
[ citizen-server-impl] sync thread hitch warning: timer interval of 221 milliseconds
[ citizen-server-impl] server thread hitch warning: timer interval of 253 milliseconds
[ citizen-server-impl] network thread hitch warning: timer interval of 226 milliseconds
[ citizen-server-impl] sync thread hitch warning: timer interval of 147 milliseconds
[ citizen-server-impl] server thread hitch warning: timer interval of 161 milliseconds
[ citizen-server-impl] network thread hitch warning: timer interval of 187 milliseconds
[ citizen-server-impl] sync thread hitch warning: timer interval of 111 milliseconds
[ citizen-server-impl] sync thread hitch warning: timer interval of 156 milliseconds
[ citizen-server-impl] network thread hitch warning: timer interval of 178 milliseconds
[ citizen-server-impl] server thread hitch warning: timer interval of 201 milliseconds
[ citizen-server-impl] sync thread hitch warning: timer interval of 164 milliseconds
[ citizen-server-impl] server thread hitch warning: timer interval of 216 milliseconds
[38;5;73m[ citizen-server-impl] server thread hitch warning: timer interval of 222 milliseconds
[ citizen-server-impl] network thread hitch warning: timer interval of 325 milliseconds
[ citizen-server-impl] server thread hitch warning: timer interval of 362 milliseconds
[ citizen-server-impl] sync thread hitch warning: timer interval of 326 milliseconds
[ citizen-server-impl] sync thread hitch warning: timer interval of 254 milliseconds
[ citizen-server-impl] network thread hitch warning: timer interval of 260 milliseconds
[ citizen-server-impl] server thread hitch warning: timer interval of 278 milliseconds
[ citizen-server-impl] network thread hitch warning: timer interval of 308 milliseconds
[ citizen-server-impl] server thread hitch warning: timer interval of 355 milliseconds
[ citizen-server-impl] sync thread hitch warning: timer interval of 305 milliseconds
[ citizen-server-impl] sync thread hitch warning: timer interval of 177 milliseconds
[ citizen-server-impl] network thread hitch warning: timer interval of 178 milliseconds
[ citizen-server-impl] server thread hitch warning: timer interval of 227 milliseconds
[ script:connectqueue] QUEUE: ZxTEMPZxZ[license:e3786ba291dbbf916ec97b5a3c4b12f2b6589a5a] was placed 1/1 in queue
[ script:connectqueue] [93mQUEUE: ZxTEMPZxZ[license:e3786ba291dbbf916ec97b5a3c4b12f2b6589a5a] is loading into the server
> txaEvent "adminsUpdated" "[1]"
[      script:qb-core] [qb-core:LOG] ZxTEMPZxZ PLAYER SAVED!
[script:qb-multichara] [qb-core] ZxTEMPZxZ has successfully loaded!
[      script:qb-core] [qb-core:LOG] ZxTEMPZxZ PLAYER SAVED!
> txaEvent "adminsUpdated" "[1]"
> txaEvent "adminsUpdated" "[1]"
[      script:qb-core] [qb-core:LOG] ZxTEMPZxZ PLAYER SAVED!
[      script:qb-core] [qb-core:LOG] ZxTEMPZxZ PLAYER SAVED!
[      script:qb-core] [qb-core:LOG] ZxTEMPZxZ PLAYER SAVED!
> txaReportResources
[      script:monitor] [0m[txAdmin] Sending resources list to txAdmin.
> txaReportResources
[      script:monitor] [txAdmin] Sending resources list to txAdmin.
> refresh
[           resources] [97mScanning resources.
> txaReportResources
[           resources] Found 1 new resources, and refreshed 0/61 resources.
[ citizen-server-impl] server thread hitch warning: timer interval of 1611 milliseconds
[38;5;84m[      script:monitor] [txAdmin] Sending resources list to txAdmin.
> txaReportResources
[      script:monitor] [txAdmin] Sending resources list to txAdmin.
> ensure "mosleynutt"
[    c-scripting-core] Creating script environments for mosleynutt
> txaReportResources
[resources:mosleynutt] Warning: could not find client_script `client/props.lua` (defined in fxmanifest.lua:8)
[resources:mosleynutt] Asset mosleynutt/lock_texts.ytd uses 72.0 MiB of physical memory. Oversized assets can and WILL lead to streaming issues (such as models not loading/rendering).
[resources:mosleynutt] Asset mosleynutt/lockers.ydr uses 132.0 MiB of physical memory. Oversized assets can and WILL lead to streaming issues (such as models not loading/rendering).
[resources:mosleynutt] Asset mosleynutt/mos_office_bar.ydr uses 36.5 MiB of physical memory.
[resources:mosleynutt] Asset mosleynutt/nutt_mos_bath_details.ydr uses 80.0 MiB of physical memory. Oversized assets can and WILL lead to streaming issues (such as models not loading/rendering).
[resources:mosleynutt] Asset mosleynutt/nutt_mosley_fd.ydr uses 80.0 MiB of physical memory. Oversized assets can and WILL lead to streaming issues (such as models not loading/rendering).
[resources:mosleynutt] Asset mosleynutt/nutt_mosley_textures.ytd uses 44.0 MiB of physical memory.
[           resources] Started resource mosleynutt (7 warnings)
[ citizen-server-impl] server thread hitch warning: timer interval of 1146 milliseconds
[      script:monitor] [txAdmin] Sending resources list to txAdmin.
> txaReportResources
[      script:monitor] [97m[txAdmin] Sending resources list to txAdmin.
> txaEvent "serverShuttingDown" "{＂delay＂:5000,＂author＂:＂Skutela32＂,＂message＂:＂Server restarting (requested by Skutela32).＂}"
[      script:monitor] [txAdmin] Server shutdown imminent. Kicking all players.

================================================================
======== FXServer Starting - 8/12/2024, 12:02:58 PM             
================================================================
[           resources] Scanning resources.
[           resources] Found 62 resources.
[          svadhesive] Authenticating server license key...
[          svadhesive] Server license key authentication succeeded. Welcome!
[    c-scripting-core] Creating script environments for sessionmanager
[           resources] Started resource sessionmanager
[    c-scripting-core] Creating script environments for monitor
[      script:monitor] [txAdmin] Resource v7.2.2 threads and commands set up. All Ready.
> txaReportResources
[           resources] Started resource monitor
[    c-scripting-core] Creating script environments for mapmanager
[           resources] Started resource mapmanager
[    c-scripting-core] [97mCreating script environments for yarn
[           resources] Started resource yarn
[    c-scripting-core] Creating script environments for webpack
[           resources] Started resource webpack
[    c-scripting-core] Creating script environments for chat
[           resources] Started resource chat
[           resources] Started resource spawnmanager
[   script:mapmanager] Started gametype Freeroam
[           resources] Started resource basic-gamemode
[    c-scripting-core] Creating script environments for hardcap
[           resources] Started resource hardcap
[    c-scripting-core] Creating script environments for baseevents
[           resources] Started resource baseevents
[    c-scripting-core] Creating script environments for oxmysql
[           resources] Started resource oxmysql
[    c-scripting-core] Creating script environments for qb-core
[           resources] Started resource qb-core
[    c-scripting-core] Creating script environments for qb-ambulancejob
[           resources] Started resource qb-ambulancejob
[    c-scripting-core] Creating script environments for PolyZone
[           resources] Started resource PolyZone
[    c-scripting-core] Creating script environments for qb-bankrobbery
[           resources] Started resource qb-bankrobbery
[    c-scripting-core] Creating script environments for qb-cityhall
[           resources] Started resource qb-cityhall
[           resources] Started resource qb-input
[           resources] Started resource qb-interior
[    c-scripting-core] [97mCreating script environments for qb-weapons
[           resources] Started resource qb-weapons
[    c-scripting-core] Creating script environments for qb-inventory
> txaReportResources
[           resources] Started resource qb-inventory
[           resources] [97mStarted resource qb-menu
[           resources] Started resource qb-minigames
[    c-scripting-core] Creating script environments for qb-spawn
[    c-scripting-core] Failed to load script @qb-apartments/config.lua.
[           resources] Started resource qb-spawn
[    c-scripting-core] Creating script environments for qb-multicharacter
[    c-scripting-core] Failed to load script @qb-apartments/config.lua.
[           resources] Started resource qb-multicharacter
[    c-scripting-core] Creating script environments for qb-policejob
[           resources] Started resource qb-policejob
[    c-scripting-core] Creating script environments for qb-prison
[           resources] Started resource qb-prison
[    c-scripting-core] Creating script environments for qb-radialmenu
[           resources] Started resource qb-radialmenu
[    c-scripting-core] Creating script environments for qb-smallresources
> txaReportResources
[           resources] [97mStarted resource qb-smallresources
[           resources] [97mStarted resource qb-target
[    c-scripting-core] Creating script environments for qb-vehiclekeys
[           resources] Started resource qb-vehiclekeys
[    c-scripting-core] Creating script environments for qb-weathersync
[           resources] Started resource qb-weathersync
[    c-scripting-core] Creating script environments for LegacyFuel
[           resources] Started resource LegacyFuel
[           resources] Started resource bob74_ipl
[    c-scripting-core] Creating script environments for connectqueue
[ script:connectqueue] QUEUE:  [connectqueue] Disabling hardcap 
[           resources] Stopping resource hardcap
[           resources] Started resource connectqueue
[    c-scripting-core] Creating script environments for interact-sound
[           resources] Started resource interact-sound
[           resources] Started resource menuv
[           resources] Started resource progressbar
[           resources] Started resource safecracker
[    c-scripting-core] Creating script environments for screenshot-basic
[           resources] Started resource screenshot-basic
[    c-scripting-core] [0mCreating script environments for pma-voice
[           resources] Started resource pma-voice
[    c-scripting-core] Creating script environments for qb-radio
[           resources] Started resource qb-radio
[ citizen-server-impl] Couldn't find resource category [scripts].
[           resources] Started resource dealer_map
[           resources] Started resource hospital_map
[    c-scripting-core] Creating script environments for mosleynutt
[resources:mosleynutt] Warning: could not find client_script `client/props.lua` (defined in fxmanifest.lua:8)
[resources:mosleynutt] Asset mosleynutt/lock_texts.ytd uses 72.0 MiB of physical memory. Oversized assets can and WILL lead to streaming issues (such as models not loading/rendering).
[resources:mosleynutt] Asset mosleynutt/lockers.ydr uses 132.0 MiB of physical memory. Oversized assets can and WILL lead to streaming issues (such as models not loading/rendering).
[resources:mosleynutt] Asset mosleynutt/mos_office_bar.ydr uses 36.5 MiB of physical memory.
[resources:mosleynutt] Asset mosleynutt/nutt_mos_bath_details.ydr uses 80.0 MiB of physical memory. Oversized assets can and WILL lead to streaming issues (such as models not loading/rendering).
[resources:mosleynutt] [91mAsset mosleynutt/nutt_mosley_fd.ydr uses 80.0 MiB of physical memory. Oversized assets can and WILL lead to streaming issues (such as models not loading/rendering).
[resources:mosleynutt] Asset mosleynutt/nutt_mosley_textures.ytd uses 44.0 MiB of physical memory.
[           resources] Started resource mosleynutt (7 warnings)
[           resources] Started resource prison_canteen
[resources:prison_mai] Asset prison_main/desertos_prison.ytd uses 30.5 MiB of physical memory.
[           resources] Started resource prison_main (1 warning)
[           resources] Started resource prison_meeting
[      script:monitor] [txAdmin] Sending resources list to txAdmin.
[   script:mapmanager] Started map fivem-map-hipster
[           resources] Started resource fivem-map-hipster
[ citizen-server-impl] server thread hitch warning: timer interval of 268 milliseconds
[      script:monitor] [97m[txAdmin] Sending resources list to txAdmin.
[      script:oxmysql] [10.4.32-MariaDB] Database server connection established!
[      script:monitor] [txAdmin] Sending resources list to txAdmin.
[ citizen-server-impl]         fff                          
[ citizen-server-impl]   cccc ff   xx  xx     rr rr    eee  
[ citizen-server-impl] cc     ffff   xx       rrr  r ee   e 
[ citizen-server-impl] cc     ff     xx   ... rr     eeeee  
[ citizen-server-impl]  ccccc ff   xx  xx ... rr      eeeee 
[ citizen-server-impl]                                      
[ citizen-server-impl] Authenticated with cfx.re Nucleus: https://real-x-boosted-6r7qyd.users.cfx.re/
[ script:connectqueue] QUEUE: ZxTEMPZxZ[license:e3786ba291dbbf916ec97b5a3c4b12f2b6589a5a] was placed 1/1 in queue
[ script:connectqueue] QUEUE: [97mZxTEMPZxZ[license:e3786ba291dbbf916ec97b5a3c4b12f2b6589a5a] is loading into the server
[ citizen-server-impl] server thread hitch warning: timer interval of 152 milliseconds
[      script:qb-core] [qb-core:LOG] ZxTEMPZxZ PLAYER SAVED!
[script:qb-multichara] [qb-core] ZxTEMPZxZ (Citizen ID: OMW81112) has successfully loaded!
[      script:qb-core] [qb-core:LOG] ZxTEMPZxZ PLAYER SAVED!
> txaEvent "announcement" "{＂message＂:＂.＂,＂author＂:＂Skutela32＂}"
> txaEvent "announcement" "{＂message＂:＂Im a cunt＂,＂author＂:＂ZxTEMPZxZ＂}"
[ script:connectqueue] [93mQUEUE: 5ku113la32[license:1cdbdaea730037cb8e8893ee09f180357421b0b0] was placed 1/1 in queue
[ script:connectqueue] QUEUE: 5ku113la32[license:1cdbdaea730037cb8e8893ee09f180357421b0b0] is loading into the server
[      script:qb-core] [qb-core:LOG][0m ZxTEMPZxZ PLAYER SAVED!
> txaReportResources
[      script:monitor] [txAdmin] Sending resources list to txAdmin.
> refresh
[           resources] Scanning resources.
> txaReportResources
[           resources] Found 6 new resources, and refreshed 0/62 resources.
[ citizen-server-impl] server thread hitch warning: timer interval of 798 milliseconds
[      script:monitor] [txAdmin] Sending resources list to txAdmin.
> ensure "S32-Loading"
[    c-scripting-core] Creating script environments for S32-Loading
> txaReportResources
[           resources] Started resource S32-Loading
[ citizen-server-impl] server thread hitch warning: timer interval of 927 milliseconds
[      script:monitor] [txAdmin] Sending resources list to txAdmin.
[ script:connectqueue] QUEUE: 5ku113la32[license:1cdbdaea730037cb8e8893ee09f180357421b0b0] was placed 1/1 in queue
[      script:qb-core] [qb-core:LOG] ZxTEMPZxZ PLAYER SAVED!
[ citizen-server-impl] server thread hitch warning: timer interval of 206 milliseconds
[ citizen-server-impl] sync thread hitch warning: timer interval of 128 milliseconds
[ citizen-server-impl] sync thread hitch warning: timer interval of 152 milliseconds
[ citizen-server-impl] server thread hitch warning: timer interval of 198 milliseconds
[ citizen-server-impl] sync thread hitch warning: timer interval of 255 milliseconds
[ citizen-server-impl] server thread hitch warning: timer interval of 265 milliseconds
[ citizen-server-impl] sync thread hitch warning: timer interval of 186 milliseconds
[ citizen-server-impl] server thread hitch warning: timer interval of 239 milliseconds
[ citizen-server-impl] sync thread hitch warning: timer interval of 106 milliseconds
[ citizen-server-impl] server thread hitch warning: timer interval of 332 milliseconds
[ citizen-server-impl] sync thread hitch warning: timer interval of 308 milliseconds
[ citizen-server-impl] sync thread hitch warning: timer interval of 317 milliseconds
[ citizen-server-impl] server thread hitch warning: timer interval of 361 milliseconds
[ citizen-server-impl] sync thread hitch warning: timer interval of 167 milliseconds
[ citizen-server-impl] server thread hitch warning: timer interval of 258 milliseconds
[ citizen-server-impl] sync thread hitch warning: timer interval of 139 milliseconds
[ citizen-server-impl] sync thread hitch warning: timer interval of 171 milliseconds
[ citizen-server-impl] server thread hitch warning: timer interval of 173 milliseconds
[ citizen-server-impl] sync thread hitch warning: timer interval of 195 milliseconds
[ citizen-server-impl] server thread hitch warning: timer interval of 199 milliseconds
> txaReportResources
[      script:monitor] [txAdmin] Sending resources list to txAdmin.
> stop "mosleynutt"
[           resources] Stopping resource mosleynutt
> txaReportResources
[      script:monitor] [txAdmin] Sending resources list to txAdmin.
> txaEvent "serverShuttingDown" "{＂delay＂:5000,＂author＂:＂Skutela32＂,＂message＂:＂Server shutting down (requested by Skutela32).＂}"
[      script:monitor] [txAdmin] Server shutdown imminent. Kicking all players.
