
================================================================
======== txAdmin Starting - 8/12/2024, 2:08:25 AM               
================================================================

================================================================
======== txAdmin Starting - 8/12/2024, 10:12:55 AM              
================================================================
[2:05:05 AM] txAdmin: Logger started
[2:50:27 AM] txAdmin: Logger started
[11:33:05 AM] [YpVme#1] ZxTEMPZxZ: joined with identifiers [license:e3786ba291dbbf916ec97b5a3c4b12f2b6589a5a; xbl:2535407811250757; live:985154321601490; discord:844007926271049758; fivem:3567403; license2:9e07aa9caa8d0624455efcaca0d1bae1aef98154]
[11:36:24 AM] [YpVme#1] ZxTEMPZxZ: enabled noclip
[11:36:40 AM] [YpVme#1] ZxTEMPZxZ: became mortal (standard mode)
[11:36:46 AM] [YpVme#1] ZxTEMPZxZ: enabled super jump
[11:37:05 AM] [YpVme#1] ZxTEMPZxZ: triggered wild attack on [#1] ZxTEMPZxZ
[11:37:05 AM] [YpVme#1] ZxTEMPZxZ: triggered wild attack on [#1] ZxTEMPZxZ
[11:37:05 AM] [YpVme#1] ZxTEMPZxZ: triggered wild attack on [#1] ZxTEMPZxZ
[11:37:34 AM] [YpVme#1] ZxTEMPZxZ: said "/admin"
[11:38:23 AM] [YpVme#1] ZxTEMPZxZ: died from suicide (Animal)
[11:38:51 AM] [YpVme#1] ZxTEMPZxZ: healed themself
[11:38:56 AM] [YpVme#1] ZxTEMPZxZ: spawned a vehicle (model: sc1)
[11:40:02 AM] [YpVme#1] ZxTEMPZxZ: spawned a vehicle (model: sanchez)
[11:40:10 AM] [YpVme#1] ZxTEMPZxZ: spawned a vehicle (model: buzzard2)
[11:40:27 AM] [YpVme#1] ZxTEMPZxZ: caused an explosion (PLANE)
[11:40:27 AM] [YpVme#1] ZxTEMPZxZ: died from suicide (Explosion)
[11:40:34 AM] [YpVme#1] ZxTEMPZxZ: healed themself
[11:40:38 AM] [YpVme#1] ZxTEMPZxZ: healed themself
[11:43:44 AM] [YpVme#1] ZxTEMPZxZ: spawned a vehicle (model: esskey)
[11:44:13 AM] [YpVme#1] ZxTEMPZxZ: spawned a vehicle (model: comet2)
[11:44:26 AM] [YpVme#1] ZxTEMPZxZ: died from suicide (Falling)
[11:44:32 AM] [YpVme#1] ZxTEMPZxZ: healed themself
[11:44:33 AM] [YpVme#1] ZxTEMPZxZ: healed themself
[11:44:37 AM] [YpVme#1] ZxTEMPZxZ: spawned a vehicle (model: f620)
[11:46:11 AM] [YpVme#1] ZxTEMPZxZ: spawned a vehicle (model: volatus)
[11:46:55 AM] [YpVme#1] ZxTEMPZxZ: enabled noclip
[11:46:56 AM] [YpVme#1] ZxTEMPZxZ: became mortal (standard mode)
[11:46:59 AM] [YpVme#1] ZxTEMPZxZ: enabled noclip
[11:47:00 AM] [YpVme#1] ZxTEMPZxZ: became mortal (standard mode)
[11:47:00 AM] [YpVme#1] ZxTEMPZxZ: caused an explosion (PLANE)
[11:47:01 AM] [YpVme#1] ZxTEMPZxZ: enabled noclip
[11:47:01 AM] [YpVme#1] ZxTEMPZxZ: became mortal (standard mode)
[11:47:30 AM] [YpVme#1] ZxTEMPZxZ: disconnected (Disconnected.)
[12:03:46 PM] txAdmin: Logger started
[12:05:03 PM] [GxQn6#1] ZxTEMPZxZ: joined with identifiers [license:e3786ba291dbbf916ec97b5a3c4b12f2b6589a5a; xbl:2535407811250757; live:985154321601490; discord:844007926271049758; fivem:3567403; license2:9e07aa9caa8d0624455efcaca0d1bae1aef98154]
[12:06:11 PM] txAdmin: ((Broadcast) Skutela32): said "."
[12:06:15 PM] [GxQn6#1] ZxTEMPZxZ: enabled noclip
[12:06:30 PM] txAdmin: ((Broadcast) ZxTEMPZxZ): said "Im a cunt"
[12:06:33 PM] [GxQn6#1] ZxTEMPZxZ: became mortal (standard mode)
[12:10:14 PM] [GxQn6#1] ZxTEMPZxZ: spawned a vehicle (model: coquette)
[12:11:29 PM] [GxQn6#1] ZxTEMPZxZ: disconnected (Exiting)
[12:11:36 PM] [GxQn6#2] 5ku113la32: joined with identifiers [license:1cdbdaea730037cb8e8893ee09f180357421b0b0; xbl:2535444258155046; live:1055521721500385; discord:871902966540542002; license2:1cdbdaea730037cb8e8893ee09f180357421b0b0]
[12:26:23 PM] [GxQn6#2] 5ku113la32: disconnected ([txAdmin] Server shutting down (requested by Skutela32).)
