
================================================================
======== Log Rotated - 9/30/2024, 12:00:00 AM                   
================================================================
[00:14:45][Skutela32] logged in from 5.249.160.151 via password
[00:14:52][Skutela32] executed "ensure "ti_mechEngineer""
[02:52:09][Skutela32] Changing Player Manager settings.
[19:46:51][JimmyEssex] logged in from 5.249.160.151 via password
[19:48:06][JimmyEssex] executed "RESTART SERVER"
[19:52:26][JimmyEssex] executed "ensure "angelicxs-CivilianJobs""
[20:01:03][JimmyEssex] executed "RESTART SERVER"
[20:30:30][JimmyEssex] executed "/kill 3"
[20:30:34][JimmyEssex] executed "kill 3"
[21:00:54][JimmyEssex] executed "RESTART SERVER"
[21:03:42][JimmyEssex] logged in from 5.249.160.151 via password
[21:03:44][JimmyEssex] executed "RESTART SERVER"
[21:04:29][JimmyEssex] executed "RESTART SERVER"
[21:24:13][JimmyEssex] executed "refresh"
[21:24:15][JimmyEssex] executed "ensure "qbcorestore_hud""
[21:24:16][JimmyEssex] executed "ensure "qbcorestore_hud""
[21:25:30][JimmyEssex] executed "ensure "qbcorestore_hud""
[21:25:31][JimmyEssex] executed "ensure "qbcorestore_hud""
[21:25:32][JimmyEssex] executed "ensure "qbcorestore_hud""
[21:25:33][JimmyEssex] executed "ensure "qbcorestore_hud""
[21:26:07][JimmyEssex] executed "refresh"
[21:27:40][JimmyEssex] executed "refresh"
[21:27:42][JimmyEssex] executed "ensure "cinematiccam""
[21:27:44][JimmyEssex] executed "ensure "cinematiccam""
[21:28:01][JimmyEssex] executed "RESTART SERVER"
[21:29:48][JimmyEssex] executed "refresh"
[21:29:51][JimmyEssex] executed "RESTART SERVER"
[21:31:51][JimmyEssex] executed "refresh"
[21:35:29][JimmyEssex] executed "RESTART SERVER"
[21:37:48][JimmyEssex] executed "RESTART SERVER"
[21:44:57][JimmyEssex] executed "ensure "cinematiccam""
[22:02:07][JimmyEssex] executed "refresh"
[22:02:09][JimmyEssex] executed "ensure "int_carmeet""
[22:02:11][JimmyEssex] executed "ensure "mosleynutt""
[22:02:16][JimmyEssex] executed "RESTART SERVER"
[22:36:01][JimmyEssex] executed "RESTART SERVER"
[22:03:04][JimmyEssex] executed "stop "NativeUI""
[22:08:00][Skutela32] logged in from 5.249.160.151 via password
[22:08:13][Skutela32] executed "ensure "NativeUI""
[22:08:16][Skutela32] executed "ensure "cinematiccam""
[22:18:46][Skutela32] executed "stop "MenuExample""
[22:21:55][Skutela32] executed "ensure "cinematiccam""
[22:31:59][Skutela32] executed "stop "codem-blvckhud""
[22:43:24][JimmyEssex] executed "stop "jim-mechanic""
[22:48:10][JimmyEssex] executed "RESTART SERVER"
[23:39:02][Skutela32] executed "RESTART SERVER"
[23:39:29][Skutela32] executed "refresh"
[23:40:24][JimmyEssex] executed "refresh"
[23:40:24][JimmyEssex] executed "refresh"
[23:40:25][JimmyEssex] executed "refresh"
[23:40:25][JimmyEssex] executed "refresh"
[23:40:25][JimmyEssex] executed "refresh"
[10:51:11][Skutela32] executed "ensure "qb-multicharacter""
[10:55:03][Skutela32] executed "ensure "S32-Loading""
[10:55:29][Skutela32] executed "ensure "S32-Loading""
[10:57:37][Skutela32] executed "RESTART SERVER"
[11:09:08][Skutela32] executed "RESTART SERVER"
[11:59:26][Skutela32] executed "refresh"
[11:59:28][Skutela32] executed "ensure "retpsp""
[11:59:30][Skutela32] executed "ensure "ps-els""
[12:29:11][Skutela32] executed "refresh"
[12:29:13][Skutela32] executed "ensure "S32_SIRENPACK""
[12:36:01][Skutela32] executed "stop "S32_SIRENPACK""
[12:36:02][Skutela32] executed "refresh"
[12:36:08][Skutela32] executed "ensure "S32-SirenPack""
[12:47:51][JimmyEssex] executed "ensure "EFn_ElectricJob""
[12:54:40][Skutela32] executed "stop "S32-SirenPack""
[12:54:47][Skutela32] executed "refresh"
[12:56:59][Skutela32] executed "refresh"
[12:57:03][Skutela32] executed "ensure "s32""
[12:57:05][Skutela32] executed "ensure "ps-els""
[13:04:24][Skutela32] executed "ensure "ps-els""
[13:05:00][Skutela32] executed "ensure "ps-els""
[13:06:10][Skutela32] executed "ensure "ps-els""
[13:07:54][Skutela32] executed "RESTART SERVER"
[13:10:31][Skutela32] executed "refresh"
[13:52:55][JimmyEssex] executed "RESTART SERVER"
[16:24:30][JimmyEssex] executed "RESTART SERVER"
[16:26:36][Skutela32] executed "ensure "S32-video""
[16:55:11][Skutela32] executed "STOP SERVER"
[16:56:32][Skutela32] executed "START SERVER"
[20:41:24][JimmyEssex] executed "RESTART SERVER"
[20:42:20][JimmyEssex] executed "refresh"
[20:44:09][JimmyEssex] executed "refresh"
[12:23:18][JimmyEssex] executed "RESTART SERVER"
[12:43:03][JimmyEssex] executed "refresh"
[12:43:07][JimmyEssex] executed "ensure "qb-itemstorage""
[12:45:42][JimmyEssex] executed "RESTART SERVER"
[12:58:18][JimmyEssex] executed "RESTART SERVER"
[16:12:56][JimmyEssex] executed "RESTART SERVER"
[16:18:12][JimmyEssex] executed "refresh"
[16:18:16][JimmyEssex] executed "ensure "k-pokemontcg""
[16:22:20][JimmyEssex] executed "RESTART SERVER"
[16:30:56][JimmyEssex] executed "RESTART SERVER"
[17:13:42][JimmyEssex] executed "RESTART SERVER"
[17:26:30][JimmyEssex] executed "RESTART SERVER"
[17:27:50][JimmyEssex] executed "RESTART SERVER"
[20:01:36][JimmyEssex] executed "RESTART SERVER"
[20:28:08][JimmyEssex] executed "RESTART SERVER"
[23:02:19][JimmyEssex] Changing Player Manager settings.
[23:44:15][JimmyEssex] executed "refresh"
[23:44:17][JimmyEssex] executed "ensure "rcore_billards""
[23:47:23][JimmyEssex] executed "RESTART SERVER"
[00:12:20][Skutela32] logged in from 5.249.160.151 via password
[00:20:38][JimmyEssex] executed "RESTART SERVER"
[15:33:18][JimmyEssex] executed "RESTART SERVER"
[15:35:54][JimmyEssex] executed "refresh"
[15:43:41][JimmyEssex] executed "ensure "RacingProTree""
[15:46:19][JimmyEssex] executed "ensure "dragtrack""
[15:52:10][Skutela32] logged in from 5.249.160.151 via password
[15:52:42][Skutela32] Changing Player Manager settings.
[15:53:23][Skutela32] Editing user 'JimmyEssex'.
[15:54:10][Skutela32] executed "refresh"
[15:56:51][JimmyEssex] executed "refresh"
[15:56:59][JimmyEssex] executed "ensure "Az_trailer""
[16:01:04][JimmyEssex] executed "RESTART SERVER"
[17:18:02][JimmyEssex] executed "RESTART SERVER"
[17:23:07][JimmyEssex] executed "RESTART SERVER"
[17:25:35][JimmyEssex] executed "RESTART SERVER"
[17:29:31][JimmyEssex] executed "refresh"
[17:29:35][JimmyEssex] executed "ensure "patoche_tiny_garage""
[17:34:16][JimmyEssex] executed "RESTART SERVER"
[17:38:11][JimmyEssex] executed "RESTART SERVER"
[17:56:22][JimmyEssex] executed "RESTART SERVER"
[19:33:16][Skutela32] Editing user 'JimmyEssex'.
[19:33:23][Skutela32] Editing user 'JimmyEssex'.
[19:33:51][JimmyEssex] Approved whitelist request from topcat7423#0.
[19:35:15][JimmyEssex] executed "refresh"
[19:36:04][JimmyEssex] executed "ensure "Ricky-VinewoodSign""
[19:38:00][JimmyEssex] executed "stop "Ricky-VinewoodSign""
[19:43:14][JimmyEssex] executed "stop "ptelevision""
[19:43:23][JimmyEssex] executed "ensure "Ricky-VinewoodSign""
[19:43:52][JimmyEssex] executed "RESTART SERVER"
[19:49:11][JimmyEssex] executed "refresh"
[19:51:35][JimmyEssex] executed "ensure "Ricky-VinewoodSign""
[19:55:17][JimmyEssex] executed "stop "ptelevision""
[19:55:21][JimmyEssex] executed "refresh"
[19:55:25][JimmyEssex] executed "ensure "loaf_tv""
[20:00:04][JimmyEssex] executed "ensure "ptelevision""
[20:00:09][JimmyEssex] executed "stop "loaf_tv""
[20:00:38][JimmyEssex] executed "ensure "ptelevision""
[20:23:13][JimmyEssex] executed "refresh"
[20:23:15][JimmyEssex] executed "ensure "renzu_stancer""
[20:37:06][JimmyEssex] executed "refresh"
[20:37:09][JimmyEssex] executed "ensure "Cx_JerryCanV2-Cx_JerryCanV2.3""
[20:40:25][JimmyEssex] executed "refresh"
[20:44:57][JimmyEssex] executed "refresh"
[20:44:59][JimmyEssex] executed "ensure "kq_dragy""
[20:58:03][JimmyEssex] executed "stop "rcore_billards""
[21:39:55][JimmyEssex] executed "RESTART SERVER"
