
================================================================
======== txAdmin v7.2.2 atop fxserver 9282 Starting - 9/23/2024, 1:24:53 PM
================================================================

================================================================
======== Log Rotated - 9/23/2024, 1:24:54 PM                    
================================================================
[13:25:45][Skutela32] logged in from 5.249.160.151 via password

================================================================
======== txAdmin v7.2.2 atop fxserver 9282 Starting - 9/23/2024, 2:39:47 PM
================================================================
[14:40:13][Skutela32] logged in from 5.249.160.151 via password
[14:40:24][Skutela32] executed "STOP SERVER"
[14:40:24][Skutela32] Resetting fxRunner settings.
[14:40:34][Skutela32] Changing global settings via setup stepper and started Deployer.
[14:40:36][Skutela32] Setting recipe.
[14:40:40][Skutela32] Running recipe.
[14:50:26][Skutela32] Completed and committed server deploy.
[14:50:55][Skutela32] executed "RESTART SERVER"
[14:58:06][Skutela32] executed "stop "qb-multicharacter""
[14:58:25][Skutela32] executed "ensure "qb-multicharacter""
[15:02:53][Skutela32] executed "weather foggy"
[15:02:58][Skutela32] executed "time 0 0"
[15:03:05][Skutela32] executed "weather halloween"
[15:03:41][Skutela32] executed "weather sunny"
[15:03:51][Skutela32] executed "weather extrasunny"
[15:03:55][Skutela32] executed "time 04 0"
[15:03:57][Skutela32] executed "time 06 0"
[15:04:00][Skutela32] executed "time 12 0"
[15:05:16][Skutela32] executed "RESTART SERVER"
[15:59:32][Skutela32] Adding admin 'jimmyessex'.
[15:59:37][Skutela32] Deleting user 'ZxTEMPZxZ'.
[17:24:40][Skutela32] executed "stop "qb-houses""
[21:24:44][Skutela32] Changing global settings.
[21:24:54][Skutela32] Deleting user 'jimmyessex'.
[21:25:10][Skutela32] Adding admin 'JimmyEssex'.
[21:25:25][JimmyEssex] logged in from 5.249.160.151 via password
[21:25:32][JimmyEssex] Changing own password.
[21:26:49][JimmyEssex] executed "refresh"
[21:26:53][JimmyEssex] executed "ensure "BakiTelli_hideandseek""
[21:26:55][JimmyEssex] executed "refresh"
[21:27:02][JimmyEssex] executed "RESTART SERVER"
[21:34:59][JimmyEssex] executed "RESTART SERVER"
[21:40:40][JimmyEssex] executed "RESTART SERVER"
[21:44:55][JimmyEssex] executed "ensure "truck_logistics""
[21:46:45][JimmyEssex] executed "ensure "truck_logistics""
[21:47:15][JimmyEssex] executed "refresh"
[21:47:19][JimmyEssex] executed "ensure "truck_logistics""
[21:47:48][JimmyEssex] executed "ensure "truck_logistics""
[21:49:40][JimmyEssex] executed "ensure "truck_logistics""
[22:02:28][Skutela32] executed "refresh"
[22:02:30][Skutela32] executed "ensure "ox_target""
[22:02:34][Skutela32] executed "stop "qb-target""
[22:02:36][Skutela32] executed "refresh"
[22:25:00][JimmyEssex] executed "RESTART SERVER"
[22:30:34][JimmyEssex] executed "ensure "ps-weedplanting""
[22:30:35][JimmyEssex] executed "ensure "ps-weedplanting""
[22:30:40][JimmyEssex] executed "ensure "ps-weedplanting""
[22:30:58][JimmyEssex] executed "ensure "ps-weedplanting""
[22:33:24][JimmyEssex] executed "ensure "ps-weedplanting""
[22:33:25][JimmyEssex] executed "ensure "ps-weedplanting""
[22:56:11][JimmyEssex] executed "stop "BakiTelli_hideandseek""
[22:56:30][JimmyEssex] executed "RESTART SERVER"
[23:30:17][Skutela32] executed "refresh"
[23:30:19][Skutela32] executed "ensure "DLDebadged450""
[23:31:20][MONITOR] Restarting server (server hang detected).
[23:32:18][Skutela32] Changing Player Manager settings.
[23:32:30][Skutela32] Changing monitor settings.
[23:36:28][JimmyEssex] executed "RESTART SERVER"
[23:39:30][Skutela32] Changing discordBot settings.
[23:39:48][Skutela32] Status embed saved.
[23:42:11][Skutela32] Changing discordBot settings.
[23:42:32][Skutela32] Changing discordBot settings.
[23:49:24][Skutela32] Changing discordBot settings.
[00:35:22][JimmyEssex] executed "RESTART SERVER"
[17:29:02][Skutela32] executed "refresh"
[17:38:31][Skutela32] executed "RESTART SERVER"
[18:09:40][Skutela32] executed "RESTART SERVER"
[18:27:12][Skutela32] executed "stop "DLDebadged450""
[18:27:29][Skutela32] executed "refresh"
[18:55:22][Skutela32] executed "RESTART SERVER"
[20:12:47][JimmyEssex] executed "RESTART SERVER"
[20:21:17][JimmyEssex] executed "refresh"
[20:21:19][JimmyEssex] executed "ensure "ef-blips""
[20:22:14][JimmyEssex] executed "refresh"
[20:22:20][JimmyEssex] executed "ensure "ef-blips""
[20:24:51][Skutela32] logged in from 5.249.160.151 via password
[20:25:18][Skutela32] executed "RESTART SERVER"
[21:07:08][Skutela32] executed "refresh"
[21:07:11][Skutela32] executed "ensure "S32-Loading""
[21:12:23][Skutela32] Changing Player Manager settings.
[21:23:53][JimmyEssex] executed "refresh"
[21:24:27][JimmyEssex] executed "ensure "wasabi_boombox""
[21:24:30][JimmyEssex] executed "refresh"
[21:24:31][JimmyEssex] executed "refresh"
[21:32:32][JimmyEssex] executed "refresh"
[21:32:34][JimmyEssex] executed "ensure "dpemotes""
[21:32:48][JimmyEssex] executed "refresh"
[21:32:48][JimmyEssex] executed "refresh"
[21:32:55][JimmyEssex] executed "ensure "dpemotes""
[21:34:19][JimmyEssex] executed "stop "dpemotes""
[21:37:28][JimmyEssex] executed "refresh"
[21:37:30][JimmyEssex] executed "ensure "qs-smartphone-pro""
[21:38:31][JimmyEssex] executed "ensure "qs-smartphone-pro""
[21:40:09][JimmyEssex] executed "refresh"
[21:40:11][JimmyEssex] executed "ensure "mhacking""
[21:40:12][JimmyEssex] executed "ensure "qs-smartphone-pro""
[21:41:00][JimmyEssex] executed "ensure "qs-smartphone-pro""
[21:41:32][JimmyEssex] executed "refresh"
[21:41:34][JimmyEssex] executed "ensure "dpemotes""
[21:41:54][Skutela32] executed "RESTART SERVER"
[21:45:25][Skutela32] executed "restart qb-core"
[21:45:45][Skutela32] executed "start qb-multicharacter"
[21:46:30][Skutela32] executed "restart qb-core"
[21:46:32][Skutela32] executed "start qb-multicharacter"
[21:46:48][Skutela32] executed "restart qb-core"
[21:46:55][Skutela32] executed "start qb-multicharacter"
[21:47:55][Skutela32] executed "start qb-inventory"
[21:48:01][Skutela32] executed "refresh"
[21:48:04][Skutela32] executed "ensure "qb-inventory""
[21:48:09][Skutela32] executed "ensure "qb-multicharacter""
[21:48:31][Skutela32] executed "RESTART SERVER"
[21:52:53][Skutela32] executed "ensure "qs-smartphone-pro""
[22:00:54][Skutela32] executed "RESTART SERVER"
[22:01:02][Skutela32] executed "START SERVER"
[22:44:23][JimmyEssex] executed "refresh"
[22:44:25][JimmyEssex] executed "ensure "qb-lock""
[22:44:26][JimmyEssex] executed "ensure "qb-skillbar""
[23:00:12][Skutela32] DM to #halesmartin661: Hiya mate, currently developing the server, feel free to join our discord ill pop it in chat
[23:18:25][Skutela32] executed "RESTART SERVER"
[23:21:58][Skutela32] executed "ensure "qb-inventory""
[23:52:23][Skutela32] executed "RESTART SERVER"
[23:54:57][Skutela32] executed "restart  qb-core"
[23:55:13][Skutela32] executed "RESTART SERVER"
[00:04:13][Skutela32] executed "restart qb-core"
[00:05:21][Skutela32] executed "RESTART SERVER"
[00:42:22][JimmyEssex] executed "refresh"
[00:42:24][JimmyEssex] executed "ensure "nv-stealshoes""
[01:39:05][Skutela32] executed "RESTART SERVER"
[02:40:25][Skutela32] executed "refresh"
[02:40:26][Skutela32] executed "ensure "codem-blvckhud""
[02:41:03][Skutela32] executed "ensure "codem-blvckhud""
[06:36:25][Skutela32] logged in from 5.249.160.151 via password
[06:36:39][Skutela32] executed "STOP SERVER"
[10:45:04][Skutela32] executed "RESTART SERVER"
[11:06:58][Skutela32] executed "refresh"
[11:07:01][Skutela32] executed "ensure "rahe-racing""
[21:21:06][JimmyEssex] executed "refresh"
[21:21:08][JimmyEssex] executed "ensure "MF_Purge""
[21:21:39][JimmyEssex] executed "stop "MF_Purge""
[21:23:19][JimmyEssex] executed "refresh"
[21:23:22][JimmyEssex] executed "ensure "fivem-purge""
[21:27:27][JimmyEssex] executed "ensure "fivem-purge""
[21:32:42][JimmyEssex] executed "ensure "fivem-purge""
[21:35:05][JimmyEssex] executed "RESTART SERVER"
[21:40:44][JimmyEssex] executed "RESTART SERVER"
[21:48:44][JimmyEssex] executed "RESTART SERVER"
[22:29:56][JimmyEssex] executed "RESTART SERVER"
[23:16:32][JimmyEssex] executed "RESTART SERVER"
[17:38:32][Skutela32] logged in from 5.249.160.151 via password
[17:40:36][Skutela32] executed "RESTART SERVER"
[18:55:30][Skutela32] executed "ensure "S32-Loading""
[18:55:32][Skutela32] executed "RESTART SERVER"
[19:06:20][Skutela32] executed "RESTART SERVER"
[19:10:00][Skutela32] executed "RESTART SERVER"
[19:13:52][Skutela32] logged in from 94.197.232.113 via password
[19:14:01][Skutela32] executed "stop "S32-Loading""
[19:14:03][Skutela32] executed "refresh"
[19:14:05][Skutela32] executed "ensure "S32-Loading""
[19:32:27][Skutela32] executed "RESTART SERVER"
[20:46:55][Skutela32] executed "ensure "codem-blvckhud""
[20:50:28][Skutela32] executed "ensure "codem-blvckhud""
[20:50:39][Skutela32] executed "ensure "codem-blvckhud""
[20:59:12][Skutela32] executed "ensure "codem-blvckhud""
[20:59:57][Skutela32] executed "RESTART SERVER"
[21:07:46][JimmyEssex] executed "refresh"
[21:07:49][JimmyEssex] executed "ensure "randol_trucking""
[21:15:22][JimmyEssex] executed "refresh"
[21:17:48][JimmyEssex] executed "refresh"
[21:17:51][JimmyEssex] executed "ensure "dream-tanker""
[21:17:53][JimmyEssex] executed "ensure "pNotify""
[21:18:21][JimmyEssex] executed "refresh"
[21:36:54][Skutela32] executed "ensure "qb-vehiclekeys""
[21:47:14][Skutela32] Sending announcement: Please Join Our Discord: https://discord.gg/EEVa9tfs
[21:48:37][Skutela32] Sending announcement: Please Join Our Discord As Server Is Still Under Development: https://discord.gg/EEVa9tfs
[21:51:08][Skutela32] Sending announcement: Please Join Our Discord As Server Is Still Under Development: https://discord.gg/EEVa9tfs
[21:52:23][Skutela32] Sending announcement: Please Join Our Discord As Server Is Still Under Development: https://discord.gg/EEVa9tfs
[21:52:54][Skutela32] Kicked #marvynwhite89: Please Join Our Discord As Server Is Still Under Development: https://discord.gg/EEVa9tfs
[21:52:57][Skutela32] Kicked #Midgetstilts: Please Join Our Discord As Server Is Still Under Development: https://discord.gg/EEVa9tfs
[22:16:12][JimmyEssex] executed "stop "okokReports""
[22:16:14][JimmyEssex] executed "refresh"
[22:16:16][JimmyEssex] executed "ensure "codev-report""
[22:17:00][JimmyEssex] executed "ensure "okokReports""
[22:17:05][JimmyEssex] executed "stop "codev-report""
[22:43:12][JimmyEssex] executed "refresh"
[22:43:14][JimmyEssex] executed "ensure "flatbed""
[22:43:19][JimmyEssex] executed "ensure "0r-towtruck""
[22:43:46][JimmyEssex] executed "RESTART SERVER"
[22:45:19][JimmyEssex] executed "restart okokReports"
[23:07:36][Skutela32] Changing discordBot settings.
[23:07:56][Skutela32] Changing discordBot settings.
[23:08:12][Skutela32] Changing discordBot settings.
[23:10:03][Skutela32] Changing discordBot settings.
[23:12:13][Skutela32] Changing discordBot settings.
[23:12:23][Skutela32] Changing discordBot settings.
[23:16:18][JimmyEssex] executed "RESTART SERVER"
[23:17:20][Skutela32] executed "stop "S32-Loading""
[23:17:23][Skutela32] executed "stop "qb-multicharacter""
[23:17:24][Skutela32] executed "refresh"
[23:17:26][Skutela32] executed "refresh"
[23:17:28][Skutela32] executed "ensure "S32-CutScenes""
[23:17:28][Skutela32] executed "ensure "S32-Loading""
[23:17:29][Skutela32] executed "ensure "S32-Loading""
[23:17:30][Skutela32] executed "ensure "S32-video""
[23:17:31][Skutela32] executed "ensure "S32-video""
[23:17:32][Skutela32] executed "ensure "qb-multicharacter""
[23:17:33][Skutela32] executed "ensure "qb-multicharacter""
[23:22:45][Skutela32] executed "restart qb-multicharacter"
[23:24:44][Skutela32] executed "restart qb-multicharacter"
[23:26:33][Skutela32] executed "restart qb-multicharacter"
[23:28:12][Skutela32] executed "restart qb-multicharacter"
[23:29:56][Skutela32] executed "restart qb-multicharacter"
[23:30:40][JimmyEssex] executed "refresh"
[23:30:42][JimmyEssex] executed "ensure "EFn_ElectricJob""
[23:30:44][Skutela32] executed "restart qb-multicharacter"
[23:31:41][Skutela32] executed "restart qb-multicharacter"
[23:32:11][Skutela32] executed "restart qb-multicharacter"
[23:32:46][Skutela32] executed "restart qb-multicharacter"
[23:33:22][Skutela32] executed "restart qb-multicharacter"
[23:35:54][Skutela32] executed "restart qb-multicharacter"
[23:36:24][Skutela32] executed "restart qb-multicharacter"
[23:38:14][Skutela32] executed "restart qb-multicharacter"
[23:40:14][Skutela32] executed "restart qb-multicharacter"
[23:40:51][Skutela32] executed "restart qb-multicharacter"
[23:41:37][Skutela32] executed "restart qb-multicharacter"
[23:42:35][Skutela32] executed "restart qb-multicharacter"
[23:43:59][Skutela32] executed "restart qb-multicharacter"
[23:45:23][Skutela32] executed "restart qb-multicharacter"
[23:49:33][Skutela32] executed "stop "qb-multicharacter""
[23:49:37][Skutela32] executed "refresh"
[23:49:42][Skutela32] executed "ensure "qb-multicharacter""
[23:52:17][Skutela32] executed "restart qb-multicharacter"
[23:54:20][Skutela32] executed "restart qb-multicharacter"
[23:54:43][Skutela32] executed "restart qb-multicharacter"
[23:56:05][Skutela32] executed "restart qb-multicharacter"
[23:56:38][Skutela32] executed "restart qb-multicharacter"
[00:02:35][Skutela32] executed "restart qb-multicharacter"
[00:03:11][Skutela32] executed "restart qb-multicharacter"
[00:04:09][Skutela32] executed "restart qb-multicharacter"
[00:04:45][Skutela32] executed "restart qb-multicharacter"
[00:04:56][Skutela32] executed "restart qb-multicharacter"
[00:06:22][Skutela32] executed "restart qb-multicharacter"
[00:08:27][Skutela32] executed "refresh"
[00:08:29][Skutela32] executed "ensure "mh-parking""
[00:44:17][JimmyEssex] executed "RESTART SERVER"
[00:46:29][JimmyEssex] executed "refresh"
[00:46:34][JimmyEssex] executed "ensure "lusty94_butcher""
[00:47:58][JimmyEssex] executed "ensure "lusty94_butcher""
[00:49:31][JimmyEssex] executed "ensure "lusty94_butcher""
[00:51:00][JimmyEssex] executed "ensure "lusty94_butcher""
[00:51:33][JimmyEssex] executed "ensure "lusty94_butcher""
[00:52:50][JimmyEssex] executed "ensure "lusty94_butcher""
[00:54:46][JimmyEssex] executed "ensure "lusty94_butcher""
[00:55:38][JimmyEssex] executed "ensure "lusty94_butcher""
[00:57:47][JimmyEssex] executed "RESTART SERVER"
[01:01:07][JimmyEssex] executed "ensure "lusty94_butcher""
[01:02:45][JimmyEssex] executed "ensure "lusty94_butcher""
[01:03:17][JimmyEssex] executed "ensure "lusty94_butcher""
[01:06:00][JimmyEssex] executed "ensure "lusty94_butcher""
[01:06:41][JimmyEssex] executed "ensure "lusty94_butcher""
[01:06:58][JimmyEssex] executed "ensure "lusty94_butcher""
[01:26:33][Skutela32] executed "stop "S32-Loading""
[01:26:52][Skutela32] executed "STOP SERVER"
[01:29:02][Skutela32] executed "START SERVER"
[01:33:28][Skutela32] executed "refresh"
[01:33:36][Skutela32] executed "RESTART SERVER"
[10:53:19][JimmyEssex] executed "RESTART SERVER"
[11:05:54][JimmyEssex] executed "refresh"
[11:05:56][JimmyEssex] executed "ensure "qb-policejob""
[11:19:32][JimmyEssex] executed "refresh"
[11:19:33][JimmyEssex] executed "ensure "qb-car-music""
[11:23:31][JimmyEssex] executed "refresh"
[11:23:33][JimmyEssex] executed "ensure "nv-gardening""
[11:27:18][JimmyEssex] executed "refresh"
[11:27:20][JimmyEssex] executed "ensure "cTV""
[11:30:50][JimmyEssex] executed "refresh"
[11:30:52][JimmyEssex] executed "ensure "ptelevision""
[11:30:56][JimmyEssex] executed "stop "cTV""
[11:31:50][JimmyEssex] executed "ensure "ptelevision""
[11:33:09][JimmyEssex] executed "refresh"
[11:33:10][JimmyEssex] executed "ensure "generic_texture_renderer_gfx""
[11:36:15][JimmyEssex] executed "RESTART SERVER"
[12:28:24][JimmyEssex] executed "RESTART SERVER"
[12:41:22][JimmyEssex] executed "refresh"
[12:41:23][JimmyEssex] executed "ensure "ms-peds""
[12:51:51][JimmyEssex] executed "RESTART SERVER"
[12:57:47][JimmyEssex] executed "stop "qb-pokemontcg""
[12:58:52][JimmyEssex] executed "RESTART SERVER"
[13:42:46][Skutela32] Added eefd8e3252d9ad7ff4b2fd66c09b4a0be1eb7b27 to the whitelist.
[13:42:49][Skutela32] Added c5317ed49ee83b5090396553d751ad15af240797 to the whitelist.
[16:50:02][Skutela32] executed "RESTART SERVER"
[17:54:53][JimmyEssex] executed "RESTART SERVER"
[17:57:53][JimmyEssex] executed "refresh"
[17:58:17][JimmyEssex] executed "refresh"
[17:58:26][JimmyEssex] executed "RESTART SERVER"
[17:58:52][JimmyEssex] executed "RESTART SERVER"
[18:03:18][JimmyEssex] executed "RESTART SERVER"
[18:06:49][JimmyEssex] executed "ensure "ps-camera""
[18:07:09][JimmyEssex] executed "a."
[18:08:01][JimmyEssex] executed "ensure "ps-camera""
[18:25:20][JimmyEssex] executed "refresh"
[18:31:13][JimmyEssex] executed "refresh"
[18:31:15][JimmyEssex] executed "ensure "igro45_digitalden""
[18:37:19][JimmyEssex] executed "RESTART SERVER"
[18:51:03][JimmyEssex] executed "RESTART SERVER"
[18:58:12][JimmyEssex] executed "refresh"
[18:58:14][JimmyEssex] executed "ensure "jim-mining-main""
[18:58:24][JimmyEssex] executed "refresh"
[18:58:24][JimmyEssex] executed "refresh"
[18:58:26][JimmyEssex] executed "ensure "jim-mining""
[18:58:29][JimmyEssex] executed "stop "jim-mining-main""
[18:59:16][JimmyEssex] executed "RESTART SERVER"
[18:59:33][JimmyEssex] executed "refresh"
[19:10:01][JimmyEssex] executed "refresh"
[19:10:02][JimmyEssex] executed "ensure "rr-cocaine""
[22:23:16][Skutela32] logged in from 5.249.160.151 via password
[22:23:19][Skutela32] executed "RESTART SERVER"
[22:38:50][Skutela32] executed "ensure "S32-Loading""
[22:38:56][Skutela32] executed "stop "S32-Loading""
[22:38:58][Skutela32] executed "ensure "S32-Loading""
[22:06:26][JimmyEssex] executed "RESTART SERVER"
