
================================================================
======== Log Rotated - 8/19/2024, 12:00:00 AM                   
================================================================
[01:29:37][Skutela32] executed "ensure "S32-video""
[01:32:07][Skutela32] executed "RESTART SERVER"
[21:48:36][Skutela32] executed "RESTART SERVER"
[00:05:01][Skutela32] Sending announcement: GO GO GO!!!!
[00:05:17][Skutela32] Sending announcement: Dont crash lol
[00:05:42][Skutela32] Sending announcement: Beep beep yeh im watching
[00:55:39][Skutela32] executed "restart S32-Missions"
[01:28:15][Skutela32] executed "RESTART SERVER"
[12:38:34][Skutela32] executed "RESTART SERVER"
[14:28:43][Skutela32] executed "RESTART SERVER"
[22:11:00][Skutela32] executed "RESTART SERVER"
[22:23:50][Skutela32] executed "llllllllllllllll"
[23:54:58][Skutela32] executed "lllllllllllllllllllllll"
[00:01:15][Skutela32] executed "lll"
[00:01:29][Skutela32] executed "lll"
[11:45:01][Skutela32] logged in from 94.197.216.232 via password
[11:45:03][Skutela32] executed "RESTART SERVER"
[12:16:55][Skutela32] executed "RESTART SERVER"
[19:44:09][Skutela32] logged in from 94.197.219.240 via password

================================================================
======== txAdmin v7.2.2 atop fxserver 9282 Starting - 8/25/2024, 11:40:01 PM
================================================================
