
================================================================
======== txAdmin v7.2.2 atop fxserver 9282 Starting - 8/26/2024, 12:27:01 AM
================================================================

================================================================
======== Log Rotated - 8/26/2024, 12:27:01 AM                   
================================================================
[00:27:59][Skutela32] logged in from 92.40.184.78 via password
[00:28:03][MONITOR] Restarting server (server close detected).

================================================================
======== txAdmin v7.2.2 atop fxserver 9282 Starting - 8/26/2024, 1:15:23 AM
================================================================
[01:15:42][Skutela32] logged in from 92.40.184.78 via password
[02:40:35][Skutela32] executed "ensure "qb-smallresources""
[18:24:29][Skutela32] executed "RESTART SERVER"
[18:31:33][Skutela32] executed "stop "S32-PoliceBehavior""
[18:31:35][Skutela32] executed "refresh"
[18:31:38][Skutela32] executed "ensure "S32-PoliceBehavior""
[18:33:18][Skutela32] executed "stop "S32-PoliceBehavior""
[18:33:19][Skutela32] executed "refresh"
[18:33:21][Skutela32] executed "ensure "S32-PoliceBehavior""
[18:39:02][Skutela32] executed "stop "S32-PoliceBehavior""
[18:39:04][Skutela32] executed "refresh"
[18:39:07][Skutela32] executed "ensure "S32-PoliceCars""
[18:39:35][Skutela32] executed "ensure "S32-PoliceBehavior""
