
================================================================
======== txAdmin v7.2.2 atop fxserver 9282 Starting - 8/12/2024, 2:08:25 AM
================================================================

================================================================
======== txAdmin v7.2.2 atop fxserver 9282 Starting - 8/12/2024, 10:12:55 AM
================================================================
[01:17:29][Skutela32] created admins file
[01:17:55][Skutela32] Adding admin 'ZxTEMPZxZ'.
[01:33:30][Skutela32] Changing global settings via setup stepper and started Deployer.
[01:33:33][Skutela32] Setting recipe.
[01:33:49][Skutela32] Running recipe.
[02:04:43][Skutela32] Completed and committed server deploy.
[02:50:15][Skutela32] executed "RESTART SERVER"
[11:34:41][Skutela32] Editing user 'ZxTEMPZxZ'.
[11:35:15][ZxTEMPZxZ] logged in from 86.24.95.188 via cfxre
[11:35:51][ZxTEMPZxZ] Changing own password.
[11:35:54][ZxTEMPZxZ] Changing own identifiers.
[12:00:28][ZxTEMPZxZ] executed "refresh"
[12:01:03][ZxTEMPZxZ] executed "ensure "mosleynutt""
[12:02:52][Skutela32] executed "RESTART SERVER"
[12:06:10][Skutela32] Sending announcement: .
[12:06:30][Skutela32] executed "txaEvent "announcement" "{＂message＂:＂Im a cunt＂,＂author＂:＂ZxTEMPZxZ＂}""
[12:11:11][Skutela32] executed "refresh"
[12:11:15][Skutela32] executed "ensure "S32-Loading""
[12:25:59][ZxTEMPZxZ] executed "stop "mosleynutt""
[12:26:23][Skutela32] executed "STOP SERVER"
